ERROR [org.apache.jsp.tag.web.debug_002dlog_tag] Hola mundo
ERROR [org.apache.jsp.tag.web.debug_002dlog_tag] Hola mundo
ERROR [org.apache.jsp.tag.web.debug_002dlog_tag] Hola mundo
ERROR [org.apache.jsp.tag.web.debug_002dlog_tag] Hola mundo
ERROR [org.apache.catalina.core.ContainerBase.[Tomcat].[localhost].[/acme-jobs].[jsp]] at org.apache.jasper.compiler.DefaultErrorHandler.jspError(DefaultErrorHandler.java:42): /META-INF/views/framework/page.jsp (line: [57], column: [2]) /META-INF/views/framework/../master/menu.jsp (line: [82], column: [51]) equal symbol expected
ERROR [org.apache.catalina.core.ContainerBase.[Tomcat].[localhost].[/acme-jobs].[dispatcherServlet]] at org.apache.jasper.compiler.DefaultErrorHandler.jspError(DefaultErrorHandler.java:42): /META-INF/views/framework/page.jsp (line: [57], column: [2]) /META-INF/views/framework/../master/menu.jsp (line: [82], column: [51]) equal symbol expected
ERROR [org.apache.catalina.core.ContainerBase.[Tomcat].[localhost].[/acme-jobs].[jsp]] at java.net.URLClassLoader.findClass(Unknown Source): org.apache.jsp.META_002dINF.views.framework.page_jsp
ERROR [org.apache.catalina.core.ContainerBase.[Tomcat].[localhost].[/acme-jobs].[dispatcherServlet]] at java.net.URLClassLoader.findClass(Unknown Source): org.apache.jsp.META_002dINF.views.framework.page_jsp
ERROR [org.apache.catalina.core.ContainerBase.[Tomcat].[localhost]] at org.springframework.web.servlet.FrameworkServlet.processRequest(FrameworkServlet.java:1013): Request processing failed; nested exception is org.apache.tiles.request.render.CannotRenderException: ServletException including path '/META-INF/views/framework/page.jsp'.
at org.apache.tiles.impl.BasicTilesContainer.render(BasicTilesContainer.java:399): ServletException including path '/META-INF/views/framework/page.jsp'.
at org.apache.tiles.request.servlet.ServletUtil.wrapServletException(ServletUtil.java:61): ServletException including path '/META-INF/views/framework/page.jsp'.
at java.net.URLClassLoader.findClass(Unknown Source): org.apache.jsp.META_002dINF.views.framework.page_jsp
ERROR [org.apache.jsp.tag.web.debug_002dlog_tag] Hola mundo
ERROR [org.apache.jsp.tag.web.debug_002dlog_tag] Hola mundo
ERROR [org.apache.jsp.tag.web.debug_002dlog_tag] Hola mundo
ERROR [org.apache.jsp.tag.web.debug_002dlog_tag] Hola mundo
ERROR [org.apache.jsp.tag.web.debug_002dlog_tag] Hola mundo
ERROR [org.apache.jsp.tag.web.debug_002dlog_tag] Hola mundo
ERROR [org.apache.jsp.tag.web.debug_002dlog_tag] Hola mundo
ERROR [org.apache.jsp.tag.web.debug_002dlog_tag] Hola mundo
ERROR [org.apache.jsp.tag.web.debug_002dlog_tag] Hola mundo
ERROR [org.apache.jsp.tag.web.debug_002dlog_tag] Hola mundo
ERROR [org.apache.jsp.tag.web.debug_002dlog_tag] Hola mundo
ERROR [org.apache.jsp.tag.web.debug_002dlog_tag] Hola mundo
ERROR [org.apache.jsp.tag.web.debug_002dlog_tag] Hola mundo
ERROR [org.apache.jsp.tag.web.debug_002dlog_tag] Hola mundo
ERROR [org.apache.jsp.tag.web.debug_002dlog_tag] Hola mundo
ERROR [org.apache.jsp.tag.web.debug_002dlog_tag] Hola mundo
ERROR [org.apache.jsp.tag.web.debug_002dlog_tag] Hola mundo
ERROR [org.apache.jsp.tag.web.debug_002dlog_tag] Hola mundo
ERROR [org.apache.jsp.tag.web.debug_002dlog_tag] Hola mundo
ERROR [org.apache.jsp.tag.web.debug_002dlog_tag] Hola mundo
ERROR [org.apache.jsp.tag.web.debug_002dlog_tag] Hola mundo
ERROR [org.apache.jsp.tag.web.debug_002dlog_tag] Hola mundo
ERROR [org.apache.jsp.tag.web.debug_002dlog_tag] Hola mundo
ERROR [org.apache.jsp.tag.web.debug_002dlog_tag] Hola mundo

